============================= test session starts ==============================
platform darwin -- Python 3.12.1, pytest-8.3.5, pluggy-1.6.0 -- /Library/Frameworks/Python.framework/Versions/3.12/bin/python3
cachedir: .pytest_cache
rootdir: /Users/vayu/Documents/Playground/automated-data-validation-pipeline
configfile: pytest.ini
testpaths: tests
collecting ... collected 89 items

tests/test_bad_data_detection.py::test_bad_customers_null_customer_id_is_caught PASSED [  1%]
tests/test_bad_data_detection.py::test_bad_customers_duplicate_customer_id_is_caught PASSED [  2%]
tests/test_bad_data_detection.py::test_bad_orders_orphan_customer_is_caught PASSED [  3%]
tests/test_bad_data_detection.py::test_bad_orders_invalid_status_is_caught PASSED [  4%]
tests/test_bad_data_detection.py::test_bad_orders_invalid_approval_date_is_caught PASSED [  5%]
tests/test_bad_data_detection.py::test_bad_order_items_negative_price_is_caught PASSED [  6%]
tests/test_bad_data_detection.py::test_bad_order_items_orphan_product_is_caught PASSED [  7%]
tests/test_bad_data_detection.py::test_bad_order_items_composite_duplicate_is_caught PASSED [  8%]
tests/test_bad_data_detection.py::test_bad_products_schema_mismatch_is_caught PASSED [ 10%]
tests/test_business_rules.py::test_order_items_numeric_fields_are_non_negative[price] PASSED [ 11%]
tests/test_business_rules.py::test_order_items_numeric_fields_are_non_negative[freight_value] PASSED [ 12%]
tests/test_business_rules.py::test_product_dimensions_are_non_negative[product_weight_g] PASSED [ 13%]
tests/test_business_rules.py::test_product_dimensions_are_non_negative[product_length_cm] PASSED [ 14%]
tests/test_business_rules.py::test_product_dimensions_are_non_negative[product_height_cm] PASSED [ 15%]
tests/test_business_rules.py::test_product_dimensions_are_non_negative[product_width_cm] PASSED [ 16%]
tests/test_business_rules.py::test_order_status_is_allowed PASSED        [ 17%]
tests/test_business_rules.py::test_order_dates_follow_expected_sequence[order_purchase_timestamp-order_approved_at] PASSED [ 19%]
tests/test_business_rules.py::test_order_dates_follow_expected_sequence[order_purchase_timestamp-order_delivered_carrier_date] PASSED [ 20%]
tests/test_business_rules.py::test_order_dates_follow_expected_sequence[order_purchase_timestamp-order_delivered_customer_date] PASSED [ 21%]
tests/test_business_rules.py::test_order_dates_follow_expected_sequence[order_purchase_timestamp-order_estimated_delivery_date] PASSED [ 22%]
tests/test_business_rules.py::test_order_item_ids_start_at_one PASSED    [ 23%]
tests/test_business_rules.py::test_identifier_columns_have_no_blank_strings[customers-customers_df-customer_id] PASSED [ 24%]
tests/test_business_rules.py::test_identifier_columns_have_no_blank_strings[customers-customers_df-customer_unique_id] PASSED [ 25%]
tests/test_business_rules.py::test_identifier_columns_have_no_blank_strings[orders-orders_df-order_id] PASSED [ 26%]
tests/test_business_rules.py::test_identifier_columns_have_no_blank_strings[orders-orders_df-customer_id] PASSED [ 28%]
tests/test_business_rules.py::test_identifier_columns_have_no_blank_strings[order_items-order_items_df-order_id] PASSED [ 29%]
tests/test_business_rules.py::test_identifier_columns_have_no_blank_strings[order_items-order_items_df-product_id] PASSED [ 30%]
tests/test_business_rules.py::test_identifier_columns_have_no_blank_strings[products-products_df-product_id] PASSED [ 31%]
tests/test_business_rules.py::test_curated_subset_meets_row_count_thresholds[customers-customers_df] PASSED [ 32%]
tests/test_business_rules.py::test_curated_subset_meets_row_count_thresholds[orders-orders_df] PASSED [ 33%]
tests/test_business_rules.py::test_curated_subset_meets_row_count_thresholds[order_items-order_items_df] PASSED [ 34%]
tests/test_business_rules.py::test_curated_subset_meets_row_count_thresholds[products-products_df] PASSED [ 35%]
tests/test_data_types.py::test_dtype_families_match_expected_contract[customers-customers_df-customer_id-string] PASSED [ 37%]
tests/test_data_types.py::test_dtype_families_match_expected_contract[customers-customers_df-customer_unique_id-string] PASSED [ 38%]
tests/test_data_types.py::test_dtype_families_match_expected_contract[customers-customers_df-customer_zip_code_prefix-integer] PASSED [ 39%]
tests/test_data_types.py::test_dtype_families_match_expected_contract[orders-orders_df-order_id-string] PASSED [ 40%]
tests/test_data_types.py::test_dtype_families_match_expected_contract[orders-orders_df-customer_id-string] PASSED [ 41%]
tests/test_data_types.py::test_dtype_families_match_expected_contract[orders-orders_df-order_purchase_timestamp-string_datetime] PASSED [ 42%]
tests/test_data_types.py::test_dtype_families_match_expected_contract[orders-orders_df-order_estimated_delivery_date-string_datetime] PASSED [ 43%]
tests/test_data_types.py::test_dtype_families_match_expected_contract[order_items-order_items_df-order_id-string] PASSED [ 44%]
tests/test_data_types.py::test_dtype_families_match_expected_contract[order_items-order_items_df-order_item_id-integer] PASSED [ 46%]
tests/test_data_types.py::test_dtype_families_match_expected_contract[order_items-order_items_df-product_id-string] PASSED [ 47%]
tests/test_data_types.py::test_dtype_families_match_expected_contract[order_items-order_items_df-price-numeric] PASSED [ 48%]
tests/test_data_types.py::test_dtype_families_match_expected_contract[order_items-order_items_df-freight_value-numeric] PASSED [ 49%]
tests/test_data_types.py::test_dtype_families_match_expected_contract[products-products_df-product_id-string] PASSED [ 50%]
tests/test_data_types.py::test_dtype_families_match_expected_contract[products-products_df-product_weight_g-numeric] PASSED [ 51%]
tests/test_data_types.py::test_dtype_families_match_expected_contract[products-products_df-product_length_cm-numeric] PASSED [ 52%]
tests/test_duplicates.py::test_primary_key_uniqueness[customers-customers_df-columns0] PASSED [ 53%]
tests/test_duplicates.py::test_primary_key_uniqueness[orders-orders_df-columns1] PASSED [ 55%]
tests/test_duplicates.py::test_primary_key_uniqueness[products-products_df-columns2] PASSED [ 56%]
tests/test_duplicates.py::test_order_items_composite_key_is_unique PASSED [ 57%]
tests/test_duplicates.py::test_orders_have_no_full_row_duplicates PASSED [ 58%]
tests/test_duplicates.py::test_order_items_have_no_full_row_duplicates PASSED [ 59%]
tests/test_nulls.py::test_required_columns_are_not_null[customers-customers_df-customer_id] PASSED [ 60%]
tests/test_nulls.py::test_required_columns_are_not_null[customers-customers_df-customer_unique_id] PASSED [ 61%]
tests/test_nulls.py::test_required_columns_are_not_null[orders-orders_df-order_id] PASSED [ 62%]
tests/test_nulls.py::test_required_columns_are_not_null[orders-orders_df-customer_id] PASSED [ 64%]
tests/test_nulls.py::test_required_columns_are_not_null[orders-orders_df-order_status] PASSED [ 65%]
tests/test_nulls.py::test_required_columns_are_not_null[orders-orders_df-order_purchase_timestamp] PASSED [ 66%]
tests/test_nulls.py::test_required_columns_are_not_null[orders-orders_df-order_estimated_delivery_date] PASSED [ 67%]
tests/test_nulls.py::test_required_columns_are_not_null[order_items-order_items_df-order_id] PASSED [ 68%]
tests/test_nulls.py::test_required_columns_are_not_null[order_items-order_items_df-order_item_id] PASSED [ 69%]
tests/test_nulls.py::test_required_columns_are_not_null[order_items-order_items_df-product_id] PASSED [ 70%]
tests/test_pipeline_smoke.py::test_database_file_exists PASSED           [ 71%]
tests/test_pipeline_smoke.py::test_pipeline_run_completes_without_exception PASSED [ 73%]
tests/test_pipeline_smoke.py::test_expected_tables_exist PASSED          [ 74%]
tests/test_pipeline_smoke.py::test_loaded_tables_are_non_empty[customers-customers_df] PASSED [ 75%]
tests/test_pipeline_smoke.py::test_loaded_tables_are_non_empty[orders-orders_df] PASSED [ 76%]
tests/test_pipeline_smoke.py::test_loaded_tables_are_non_empty[order_items-order_items_df] PASSED [ 77%]
tests/test_pipeline_smoke.py::test_loaded_tables_are_non_empty[products-products_df] PASSED [ 78%]
tests/test_referential_integrity.py::test_foreign_keys_are_valid[orders-orders_df-customer_id-customers-customers_df-customer_id] PASSED [ 79%]
tests/test_referential_integrity.py::test_foreign_keys_are_valid[order_items-order_items_df-order_id-orders-orders_df-order_id] PASSED [ 80%]
tests/test_referential_integrity.py::test_foreign_keys_are_valid[order_items-order_items_df-product_id-products-products_df-product_id] PASSED [ 82%]
tests/test_referential_integrity.py::test_orders_customer_ids_map_to_exactly_one_customer_row PASSED [ 83%]
tests/test_referential_integrity.py::test_order_items_have_zero_orphan_orders PASSED [ 84%]
tests/test_referential_integrity.py::test_order_items_have_zero_orphan_products PASSED [ 85%]
tests/test_referential_integrity.py::test_orders_have_zero_orphan_customers PASSED [ 86%]
tests/test_schema.py::test_tables_exist_in_sqlite[customers] PASSED      [ 87%]
tests/test_schema.py::test_tables_exist_in_sqlite[orders] PASSED         [ 88%]
tests/test_schema.py::test_tables_exist_in_sqlite[order_items] PASSED    [ 89%]
tests/test_schema.py::test_tables_exist_in_sqlite[products] PASSED       [ 91%]
tests/test_schema.py::test_expected_columns_exist[customers-customers_df] PASSED [ 92%]
tests/test_schema.py::test_expected_columns_exist[orders-orders_df] PASSED [ 93%]
tests/test_schema.py::test_expected_columns_exist[order_items-order_items_df] PASSED [ 94%]
tests/test_schema.py::test_expected_columns_exist[products-products_df] PASSED [ 95%]
tests/test_schema.py::test_column_order_matches_expected_schema[customers-customers_df] PASSED [ 96%]
tests/test_schema.py::test_column_order_matches_expected_schema[orders-orders_df] PASSED [ 97%]
tests/test_schema.py::test_column_order_matches_expected_schema[order_items-order_items_df] PASSED [ 98%]
tests/test_schema.py::test_column_order_matches_expected_schema[products-products_df] PASSED [100%]

============================== 89 passed in 1.28s ==============================
